mode: set
github.com/pherbke/credential-management/chaincode-go/smart-contract/cuckoofilter.go:32.35,37.2 1 1
github.com/pherbke/credential-management/chaincode-go/smart-contract/cuckoofilter.go:39.34,41.2 1 1
github.com/pherbke/credential-management/chaincode-go/smart-contract/cuckoofilter.go:44.43,45.58 1 1
github.com/pherbke/credential-management/chaincode-go/smart-contract/cuckoofilter.go:45.58,47.3 1 1
github.com/pherbke/credential-management/chaincode-go/smart-contract/cuckoofilter.go:50.2,55.48 4 1
github.com/pherbke/credential-management/chaincode-go/smart-contract/cuckoofilter.go:55.48,56.34 1 1
github.com/pherbke/credential-management/chaincode-go/smart-contract/cuckoofilter.go:56.34,58.4 1 1
github.com/pherbke/credential-management/chaincode-go/smart-contract/cuckoofilter.go:59.3,59.14 1 1
github.com/pherbke/credential-management/chaincode-go/smart-contract/cuckoofilter.go:63.2,63.38 1 1
github.com/pherbke/credential-management/chaincode-go/smart-contract/cuckoofilter.go:63.38,64.35 1 1
github.com/pherbke/credential-management/chaincode-go/smart-contract/cuckoofilter.go:64.35,67.4 1 0
github.com/pherbke/credential-management/chaincode-go/smart-contract/cuckoofilter.go:69.3,70.28 2 1
github.com/pherbke/credential-management/chaincode-go/smart-contract/cuckoofilter.go:70.28,74.36 3 1
github.com/pherbke/credential-management/chaincode-go/smart-contract/cuckoofilter.go:74.36,77.5 1 1
github.com/pherbke/credential-management/chaincode-go/smart-contract/cuckoofilter.go:78.9,78.32 1 1
github.com/pherbke/credential-management/chaincode-go/smart-contract/cuckoofilter.go:78.32,81.4 2 1
github.com/pherbke/credential-management/chaincode-go/smart-contract/cuckoofilter.go:83.2,83.14 1 0
github.com/pherbke/credential-management/chaincode-go/smart-contract/cuckoofilter.go:88.61,89.62 1 1
github.com/pherbke/credential-management/chaincode-go/smart-contract/cuckoofilter.go:89.62,91.3 1 0
github.com/pherbke/credential-management/chaincode-go/smart-contract/cuckoofilter.go:93.2,93.36 1 1
github.com/pherbke/credential-management/chaincode-go/smart-contract/cuckoofilter.go:96.46,97.24 1 1
github.com/pherbke/credential-management/chaincode-go/smart-contract/cuckoofilter.go:97.24,98.26 1 1
github.com/pherbke/credential-management/chaincode-go/smart-contract/cuckoofilter.go:98.26,102.4 3 1
github.com/pherbke/credential-management/chaincode-go/smart-contract/cuckoofilter.go:104.2,104.14 1 1
github.com/pherbke/credential-management/chaincode-go/smart-contract/cuckoofilter.go:108.48,117.2 2 1
github.com/pherbke/credential-management/chaincode-go/smart-contract/cuckoofilter.go:119.53,121.28 2 1
github.com/pherbke/credential-management/chaincode-go/smart-contract/cuckoofilter.go:121.28,123.29 2 1
github.com/pherbke/credential-management/chaincode-go/smart-contract/cuckoofilter.go:123.29,125.4 1 1
github.com/pherbke/credential-management/chaincode-go/smart-contract/cuckoofilter.go:127.2,127.26 1 1
github.com/pherbke/credential-management/chaincode-go/smart-contract/cuckoofilter.go:131.51,139.51 3 1
github.com/pherbke/credential-management/chaincode-go/smart-contract/cuckoofilter.go:139.51,141.3 1 0
github.com/pherbke/credential-management/chaincode-go/smart-contract/cuckoofilter.go:142.2,143.12 2 1
github.com/pherbke/credential-management/chaincode-go/smart-contract/cuckoofilter.go:146.65,148.39 2 1
github.com/pherbke/credential-management/chaincode-go/smart-contract/cuckoofilter.go:148.39,150.25 2 1
github.com/pherbke/credential-management/chaincode-go/smart-contract/cuckoofilter.go:150.25,152.4 1 1
github.com/pherbke/credential-management/chaincode-go/smart-contract/cuckoofilter.go:153.3,153.41 1 1
github.com/pherbke/credential-management/chaincode-go/smart-contract/cuckoofilter.go:155.2,155.16 1 1
github.com/pherbke/credential-management/chaincode-go/smart-contract/cuckoofilter.go:158.32,160.22 1 1
github.com/pherbke/credential-management/chaincode-go/smart-contract/cuckoofilter.go:160.22,162.3 1 1
github.com/pherbke/credential-management/chaincode-go/smart-contract/cuckoofilter.go:164.2,164.28 1 1
github.com/pherbke/credential-management/chaincode-go/smart-contract/cuckoofilter.go:164.28,165.19 1 1
github.com/pherbke/credential-management/chaincode-go/smart-contract/cuckoofilter.go:165.19,167.4 1 1
github.com/pherbke/credential-management/chaincode-go/smart-contract/cuckoofilter.go:169.2,169.13 1 1
github.com/pherbke/credential-management/chaincode-go/smart-contract/cuckoofilter.go:173.50,176.28 3 1
github.com/pherbke/credential-management/chaincode-go/smart-contract/cuckoofilter.go:176.28,177.19 1 1
github.com/pherbke/credential-management/chaincode-go/smart-contract/cuckoofilter.go:177.19,179.4 1 1
github.com/pherbke/credential-management/chaincode-go/smart-contract/cuckoofilter.go:181.2,181.36 1 1
github.com/pherbke/credential-management/chaincode-go/smart-contract/cuckoofilter.go:181.36,183.3 1 0
github.com/pherbke/credential-management/chaincode-go/smart-contract/cuckoofilter.go:184.2,187.11 4 1
github.com/pherbke/credential-management/chaincode-go/smart-contract/cuckoofilter.go:192.46,193.29 1 1
github.com/pherbke/credential-management/chaincode-go/smart-contract/cuckoofilter.go:193.29,194.33 1 1
github.com/pherbke/credential-management/chaincode-go/smart-contract/cuckoofilter.go:194.33,197.4 2 1
github.com/pherbke/credential-management/chaincode-go/smart-contract/cuckoofilter.go:199.2,199.14 1 1
github.com/pherbke/credential-management/chaincode-go/smart-contract/cuckoofilter.go:202.52,203.28 1 1
github.com/pherbke/credential-management/chaincode-go/smart-contract/cuckoofilter.go:203.28,204.36 1 1
github.com/pherbke/credential-management/chaincode-go/smart-contract/cuckoofilter.go:204.36,206.4 1 1
github.com/pherbke/credential-management/chaincode-go/smart-contract/cuckoofilter.go:208.2,208.14 1 1
github.com/pherbke/credential-management/chaincode-go/smart-contract/cuckoofilter.go:212.26,214.2 1 1
github.com/pherbke/credential-management/chaincode-go/smart-contract/cuckoofilter.go:216.47,217.22 1 1
github.com/pherbke/credential-management/chaincode-go/smart-contract/cuckoofilter.go:217.22,219.3 1 1
github.com/pherbke/credential-management/chaincode-go/smart-contract/cuckoofilter.go:220.2,220.19 1 1
github.com/pherbke/credential-management/chaincode-go/smart-contract/cuckoofilter.go:220.19,221.19 1 1
github.com/pherbke/credential-management/chaincode-go/smart-contract/cuckoofilter.go:221.19,223.4 1 1
github.com/pherbke/credential-management/chaincode-go/smart-contract/cuckoofilter.go:225.2,225.13 1 1
github.com/pherbke/credential-management/chaincode-go/smart-contract/cuckoofilter.go:229.34,232.28 3 0
github.com/pherbke/credential-management/chaincode-go/smart-contract/cuckoofilter.go:232.28,233.19 1 0
github.com/pherbke/credential-management/chaincode-go/smart-contract/cuckoofilter.go:233.19,235.4 1 0
github.com/pherbke/credential-management/chaincode-go/smart-contract/cuckoofilter.go:235.9,237.4 1 0
github.com/pherbke/credential-management/chaincode-go/smart-contract/cuckoofilter.go:239.2,240.21 2 0
github.com/pherbke/credential-management/chaincode-go/smart-contract/cuckoofilter.go:249.122,252.2 2 1
github.com/pherbke/credential-management/chaincode-go/smart-contract/cuckoofilter.go:255.96,257.16 2 1
github.com/pherbke/credential-management/chaincode-go/smart-contract/cuckoofilter.go:257.16,259.3 1 1
github.com/pherbke/credential-management/chaincode-go/smart-contract/cuckoofilter.go:260.2,260.34 1 1
github.com/pherbke/credential-management/chaincode-go/smart-contract/cuckoofilter.go:260.34,262.3 1 0
github.com/pherbke/credential-management/chaincode-go/smart-contract/cuckoofilter.go:263.2,263.39 1 1
github.com/pherbke/credential-management/chaincode-go/smart-contract/cuckoofilter.go:266.108,268.16 2 1
github.com/pherbke/credential-management/chaincode-go/smart-contract/cuckoofilter.go:268.16,270.3 1 1
github.com/pherbke/credential-management/chaincode-go/smart-contract/cuckoofilter.go:271.2,272.33 2 1
github.com/pherbke/credential-management/chaincode-go/smart-contract/cuckoofilter.go:272.33,273.35 1 1
github.com/pherbke/credential-management/chaincode-go/smart-contract/cuckoofilter.go:273.35,275.4 1 1
github.com/pherbke/credential-management/chaincode-go/smart-contract/cuckoofilter.go:276.3,276.22 1 1
github.com/pherbke/credential-management/chaincode-go/smart-contract/cuckoofilter.go:278.2,278.55 1 1
github.com/pherbke/credential-management/chaincode-go/smart-contract/cuckoofilter.go:278.55,280.3 1 1
github.com/pherbke/credential-management/chaincode-go/smart-contract/cuckoofilter.go:281.2,281.12 1 1
github.com/pherbke/credential-management/chaincode-go/smart-contract/cuckoofilter.go:285.104,287.16 2 1
github.com/pherbke/credential-management/chaincode-go/smart-contract/cuckoofilter.go:287.16,289.3 1 1
github.com/pherbke/credential-management/chaincode-go/smart-contract/cuckoofilter.go:291.2,291.41 1 1
github.com/pherbke/credential-management/chaincode-go/smart-contract/cuckoofilter.go:294.127,296.16 2 1
github.com/pherbke/credential-management/chaincode-go/smart-contract/cuckoofilter.go:296.16,298.3 1 0
github.com/pherbke/credential-management/chaincode-go/smart-contract/cuckoofilter.go:299.2,300.33 2 1
github.com/pherbke/credential-management/chaincode-go/smart-contract/cuckoofilter.go:300.33,302.3 1 1
github.com/pherbke/credential-management/chaincode-go/smart-contract/cuckoofilter.go:303.2,303.21 1 1
github.com/pherbke/credential-management/chaincode-go/smart-contract/cuckoofilter.go:307.96,309.16 2 1
github.com/pherbke/credential-management/chaincode-go/smart-contract/cuckoofilter.go:309.16,311.3 1 1
github.com/pherbke/credential-management/chaincode-go/smart-contract/cuckoofilter.go:313.2,313.34 1 1
github.com/pherbke/credential-management/chaincode-go/smart-contract/cuckoofilter.go:313.34,315.3 1 0
github.com/pherbke/credential-management/chaincode-go/smart-contract/cuckoofilter.go:317.2,317.39 1 1
github.com/pherbke/credential-management/chaincode-go/smart-contract/cuckoofilter.go:320.108,322.16 2 1
github.com/pherbke/credential-management/chaincode-go/smart-contract/cuckoofilter.go:322.16,324.3 1 1
github.com/pherbke/credential-management/chaincode-go/smart-contract/cuckoofilter.go:325.2,325.33 1 1
github.com/pherbke/credential-management/chaincode-go/smart-contract/cuckoofilter.go:325.33,327.3 1 1
github.com/pherbke/credential-management/chaincode-go/smart-contract/cuckoofilter.go:328.2,328.55 1 1
github.com/pherbke/credential-management/chaincode-go/smart-contract/cuckoofilter.go:328.55,330.3 1 1
github.com/pherbke/credential-management/chaincode-go/smart-contract/cuckoofilter.go:331.2,331.12 1 1
github.com/pherbke/credential-management/chaincode-go/smart-contract/cuckoofilter.go:335.108,337.16 2 1
github.com/pherbke/credential-management/chaincode-go/smart-contract/cuckoofilter.go:337.16,339.3 1 0
github.com/pherbke/credential-management/chaincode-go/smart-contract/cuckoofilter.go:341.2,341.64 1 1
github.com/pherbke/credential-management/chaincode-go/smart-contract/cuckoofilter.go:345.103,347.16 2 1
github.com/pherbke/credential-management/chaincode-go/smart-contract/cuckoofilter.go:347.16,349.3 1 1
github.com/pherbke/credential-management/chaincode-go/smart-contract/cuckoofilter.go:350.2,350.23 1 1
github.com/pherbke/credential-management/chaincode-go/smart-contract/cuckoofilter.go:350.23,352.3 1 0
github.com/pherbke/credential-management/chaincode-go/smart-contract/cuckoofilter.go:354.2,356.16 3 1
github.com/pherbke/credential-management/chaincode-go/smart-contract/cuckoofilter.go:356.16,358.3 1 0
github.com/pherbke/credential-management/chaincode-go/smart-contract/cuckoofilter.go:360.2,360.21 1 1
github.com/pherbke/credential-management/chaincode-go/smart-contract/cuckoofilter.go:364.59,367.25 3 1
github.com/pherbke/credential-management/chaincode-go/smart-contract/cuckoofilter.go:367.25,369.3 1 1
github.com/pherbke/credential-management/chaincode-go/smart-contract/cuckoofilter.go:370.2,374.3 1 1
github.com/pherbke/credential-management/chaincode-go/smart-contract/cuckoofilter.go:378.43,380.45 1 1
github.com/pherbke/credential-management/chaincode-go/smart-contract/cuckoofilter.go:380.45,382.3 1 0
github.com/pherbke/credential-management/chaincode-go/smart-contract/cuckoofilter.go:383.2,384.32 2 1
github.com/pherbke/credential-management/chaincode-go/smart-contract/cuckoofilter.go:384.32,386.3 1 0
github.com/pherbke/credential-management/chaincode-go/smart-contract/cuckoofilter.go:387.2,388.32 2 1
github.com/pherbke/credential-management/chaincode-go/smart-contract/cuckoofilter.go:388.32,390.3 1 0
github.com/pherbke/credential-management/chaincode-go/smart-contract/cuckoofilter.go:391.2,391.65 1 1
github.com/pherbke/credential-management/chaincode-go/smart-contract/cuckoofilter.go:395.43,398.58 3 1
github.com/pherbke/credential-management/chaincode-go/smart-contract/cuckoofilter.go:398.58,401.3 2 1
github.com/pherbke/credential-management/chaincode-go/smart-contract/cuckoofilter.go:402.2,402.14 1 1
github.com/pherbke/credential-management/chaincode-go/smart-contract/cuckoofilter.go:405.26,406.30 1 1
github.com/pherbke/credential-management/chaincode-go/smart-contract/cuckoofilter.go:406.30,408.3 1 1
github.com/pherbke/credential-management/chaincode-go/smart-contract/cuckoofilter.go:409.2,409.13 1 1
github.com/pherbke/credential-management/chaincode-go/smart-contract/cuckoofilter.go:414.59,417.2 2 1
github.com/pherbke/credential-management/chaincode-go/smart-contract/cuckoofilter.go:420.63,424.45 3 1
github.com/pherbke/credential-management/chaincode-go/smart-contract/cuckoofilter.go:424.45,425.12 1 1
github.com/pherbke/credential-management/chaincode-go/smart-contract/cuckoofilter.go:425.12,427.4 1 1
github.com/pherbke/credential-management/chaincode-go/smart-contract/cuckoofilter.go:427.9,430.4 1 0
github.com/pherbke/credential-management/chaincode-go/smart-contract/cuckoofilter.go:433.2,433.11 1 1
github.com/pherbke/credential-management/chaincode-go/smart-contract/cuckoofilter.go:436.59,438.17 2 0
github.com/pherbke/credential-management/chaincode-go/smart-contract/cuckoofilter.go:438.17,440.3 1 0
github.com/pherbke/credential-management/chaincode-go/smart-contract/cuckoofilter.go:441.2,441.11 1 0
github.com/pherbke/credential-management/chaincode-go/smart-contract/cuckoofilter.go:445.101,450.2 3 1
github.com/pherbke/credential-management/chaincode-go/smart-contract/cuckoofilter.go:453.33,463.2 9 1
github.com/pherbke/credential-management/chaincode-go/smart-contract/cuckoofilter.go:466.30,468.23 2 1
github.com/pherbke/credential-management/chaincode-go/smart-contract/cuckoofilter.go:468.23,470.3 1 1
github.com/pherbke/credential-management/chaincode-go/smart-contract/cuckoofilter.go:471.2,471.11 1 1
