mode: set
github.com/pherbke/credential-management/chaincode-go/smart-contract/cuckoofilter.go:32.35,37.2 1 1
github.com/pherbke/credential-management/chaincode-go/smart-contract/cuckoofilter.go:39.34,41.2 1 1
github.com/pherbke/credential-management/chaincode-go/smart-contract/cuckoofilter.go:44.43,45.58 1 1
github.com/pherbke/credential-management/chaincode-go/smart-contract/cuckoofilter.go:45.58,47.3 1 1
github.com/pherbke/credential-management/chaincode-go/smart-contract/cuckoofilter.go:50.2,55.48 4 1
github.com/pherbke/credential-management/chaincode-go/smart-contract/cuckoofilter.go:55.48,56.34 1 1
github.com/pherbke/credential-management/chaincode-go/smart-contract/cuckoofilter.go:56.34,58.4 1 1
github.com/pherbke/credential-management/chaincode-go/smart-contract/cuckoofilter.go:59.3,59.14 1 1
github.com/pherbke/credential-management/chaincode-go/smart-contract/cuckoofilter.go:63.2,63.38 1 1
github.com/pherbke/credential-management/chaincode-go/smart-contract/cuckoofilter.go:63.38,64.35 1 1
github.com/pherbke/credential-management/chaincode-go/smart-contract/cuckoofilter.go:64.35,67.4 1 0
github.com/pherbke/credential-management/chaincode-go/smart-contract/cuckoofilter.go:69.3,70.28 2 1
github.com/pherbke/credential-management/chaincode-go/smart-contract/cuckoofilter.go:70.28,74.36 3 1
github.com/pherbke/credential-management/chaincode-go/smart-contract/cuckoofilter.go:74.36,77.5 1 1
github.com/pherbke/credential-management/chaincode-go/smart-contract/cuckoofilter.go:78.9,78.32 1 1
github.com/pherbke/credential-management/chaincode-go/smart-contract/cuckoofilter.go:78.32,81.4 2 1
github.com/pherbke/credential-management/chaincode-go/smart-contract/cuckoofilter.go:83.2,83.14 1 0
github.com/pherbke/credential-management/chaincode-go/smart-contract/cuckoofilter.go:88.61,89.62 1 1
github.com/pherbke/credential-management/chaincode-go/smart-contract/cuckoofilter.go:89.62,91.3 1 0
github.com/pherbke/credential-management/chaincode-go/smart-contract/cuckoofilter.go:93.2,93.36 1 1
github.com/pherbke/credential-management/chaincode-go/smart-contract/cuckoofilter.go:96.46,97.24 1 1
github.com/pherbke/credential-management/chaincode-go/smart-contract/cuckoofilter.go:97.24,98.26 1 1
github.com/pherbke/credential-management/chaincode-go/smart-contract/cuckoofilter.go:98.26,102.4 3 1
github.com/pherbke/credential-management/chaincode-go/smart-contract/cuckoofilter.go:104.2,104.14 1 1
github.com/pherbke/credential-management/chaincode-go/smart-contract/cuckoofilter.go:108.48,117.2 2 1
github.com/pherbke/credential-management/chaincode-go/smart-contract/cuckoofilter.go:119.53,121.28 2 1
github.com/pherbke/credential-management/chaincode-go/smart-contract/cuckoofilter.go:121.28,123.29 2 1
github.com/pherbke/credential-management/chaincode-go/smart-contract/cuckoofilter.go:123.29,125.4 1 1
github.com/pherbke/credential-management/chaincode-go/smart-contract/cuckoofilter.go:127.2,127.26 1 1
github.com/pherbke/credential-management/chaincode-go/smart-contract/cuckoofilter.go:131.51,139.51 3 1
github.com/pherbke/credential-management/chaincode-go/smart-contract/cuckoofilter.go:139.51,141.3 1 0
github.com/pherbke/credential-management/chaincode-go/smart-contract/cuckoofilter.go:142.2,143.12 2 1
github.com/pherbke/credential-management/chaincode-go/smart-contract/cuckoofilter.go:146.65,148.39 2 1
github.com/pherbke/credential-management/chaincode-go/smart-contract/cuckoofilter.go:148.39,150.25 2 1
github.com/pherbke/credential-management/chaincode-go/smart-contract/cuckoofilter.go:150.25,152.4 1 1
github.com/pherbke/credential-management/chaincode-go/smart-contract/cuckoofilter.go:153.3,153.41 1 1
github.com/pherbke/credential-management/chaincode-go/smart-contract/cuckoofilter.go:155.2,155.16 1 1
github.com/pherbke/credential-management/chaincode-go/smart-contract/cuckoofilter.go:158.32,160.22 1 1
github.com/pherbke/credential-management/chaincode-go/smart-contract/cuckoofilter.go:160.22,162.3 1 1
github.com/pherbke/credential-management/chaincode-go/smart-contract/cuckoofilter.go:164.2,164.28 1 1
github.com/pherbke/credential-management/chaincode-go/smart-contract/cuckoofilter.go:164.28,165.19 1 1
github.com/pherbke/credential-management/chaincode-go/smart-contract/cuckoofilter.go:165.19,167.4 1 1
github.com/pherbke/credential-management/chaincode-go/smart-contract/cuckoofilter.go:169.2,169.13 1 1
github.com/pherbke/credential-management/chaincode-go/smart-contract/cuckoofilter.go:173.50,176.28 3 1
github.com/pherbke/credential-management/chaincode-go/smart-contract/cuckoofilter.go:176.28,177.19 1 1
github.com/pherbke/credential-management/chaincode-go/smart-contract/cuckoofilter.go:177.19,179.4 1 1
github.com/pherbke/credential-management/chaincode-go/smart-contract/cuckoofilter.go:181.2,181.36 1 1
github.com/pherbke/credential-management/chaincode-go/smart-contract/cuckoofilter.go:181.36,183.3 1 0
github.com/pherbke/credential-management/chaincode-go/smart-contract/cuckoofilter.go:184.2,187.11 4 1
github.com/pherbke/credential-management/chaincode-go/smart-contract/cuckoofilter.go:192.46,193.29 1 1
github.com/pherbke/credential-management/chaincode-go/smart-contract/cuckoofilter.go:193.29,194.33 1 1
github.com/pherbke/credential-management/chaincode-go/smart-contract/cuckoofilter.go:194.33,197.4 2 1
github.com/pherbke/credential-management/chaincode-go/smart-contract/cuckoofilter.go:199.2,199.14 1 1
github.com/pherbke/credential-management/chaincode-go/smart-contract/cuckoofilter.go:202.52,203.28 1 1
github.com/pherbke/credential-management/chaincode-go/smart-contract/cuckoofilter.go:203.28,204.36 1 1
github.com/pherbke/credential-management/chaincode-go/smart-contract/cuckoofilter.go:204.36,206.4 1 1
github.com/pherbke/credential-management/chaincode-go/smart-contract/cuckoofilter.go:208.2,208.14 1 1
github.com/pherbke/credential-management/chaincode-go/smart-contract/cuckoofilter.go:212.26,214.2 1 1
github.com/pherbke/credential-management/chaincode-go/smart-contract/cuckoofilter.go:216.47,217.22 1 1
github.com/pherbke/credential-management/chaincode-go/smart-contract/cuckoofilter.go:217.22,219.3 1 1
github.com/pherbke/credential-management/chaincode-go/smart-contract/cuckoofilter.go:220.2,220.19 1 1
github.com/pherbke/credential-management/chaincode-go/smart-contract/cuckoofilter.go:220.19,221.19 1 1
github.com/pherbke/credential-management/chaincode-go/smart-contract/cuckoofilter.go:221.19,223.4 1 1
github.com/pherbke/credential-management/chaincode-go/smart-contract/cuckoofilter.go:225.2,225.13 1 1
github.com/pherbke/credential-management/chaincode-go/smart-contract/cuckoofilter.go:229.34,232.28 3 1
github.com/pherbke/credential-management/chaincode-go/smart-contract/cuckoofilter.go:232.28,233.19 1 1
github.com/pherbke/credential-management/chaincode-go/smart-contract/cuckoofilter.go:233.19,235.4 1 1
github.com/pherbke/credential-management/chaincode-go/smart-contract/cuckoofilter.go:235.9,237.4 1 0
github.com/pherbke/credential-management/chaincode-go/smart-contract/cuckoofilter.go:239.2,240.21 2 1
github.com/pherbke/credential-management/chaincode-go/smart-contract/cuckoofilter.go:243.37,245.2 1 1
github.com/pherbke/credential-management/chaincode-go/smart-contract/cuckoofilter.go:247.50,249.2 1 0
github.com/pherbke/credential-management/chaincode-go/smart-contract/cuckoofilter.go:251.40,253.2 1 1
github.com/pherbke/credential-management/chaincode-go/smart-contract/cuckoofilter.go:255.42,257.2 1 1
github.com/pherbke/credential-management/chaincode-go/smart-contract/cuckoofilter.go:259.26,261.2 1 1
github.com/pherbke/credential-management/chaincode-go/smart-contract/cuckoofilter.go:269.122,272.2 2 1
github.com/pherbke/credential-management/chaincode-go/smart-contract/cuckoofilter.go:275.96,277.16 2 1
github.com/pherbke/credential-management/chaincode-go/smart-contract/cuckoofilter.go:277.16,279.3 1 1
github.com/pherbke/credential-management/chaincode-go/smart-contract/cuckoofilter.go:280.2,280.34 1 1
github.com/pherbke/credential-management/chaincode-go/smart-contract/cuckoofilter.go:280.34,282.3 1 0
github.com/pherbke/credential-management/chaincode-go/smart-contract/cuckoofilter.go:283.2,283.39 1 1
github.com/pherbke/credential-management/chaincode-go/smart-contract/cuckoofilter.go:286.108,288.16 2 1
github.com/pherbke/credential-management/chaincode-go/smart-contract/cuckoofilter.go:288.16,290.3 1 1
github.com/pherbke/credential-management/chaincode-go/smart-contract/cuckoofilter.go:291.2,292.33 2 1
github.com/pherbke/credential-management/chaincode-go/smart-contract/cuckoofilter.go:292.33,293.35 1 1
github.com/pherbke/credential-management/chaincode-go/smart-contract/cuckoofilter.go:293.35,295.4 1 1
github.com/pherbke/credential-management/chaincode-go/smart-contract/cuckoofilter.go:296.3,296.22 1 1
github.com/pherbke/credential-management/chaincode-go/smart-contract/cuckoofilter.go:298.2,298.55 1 1
github.com/pherbke/credential-management/chaincode-go/smart-contract/cuckoofilter.go:298.55,300.3 1 1
github.com/pherbke/credential-management/chaincode-go/smart-contract/cuckoofilter.go:301.2,301.12 1 1
github.com/pherbke/credential-management/chaincode-go/smart-contract/cuckoofilter.go:305.104,307.16 2 1
github.com/pherbke/credential-management/chaincode-go/smart-contract/cuckoofilter.go:307.16,309.3 1 1
github.com/pherbke/credential-management/chaincode-go/smart-contract/cuckoofilter.go:311.2,311.41 1 1
github.com/pherbke/credential-management/chaincode-go/smart-contract/cuckoofilter.go:314.127,316.16 2 1
github.com/pherbke/credential-management/chaincode-go/smart-contract/cuckoofilter.go:316.16,318.3 1 0
github.com/pherbke/credential-management/chaincode-go/smart-contract/cuckoofilter.go:319.2,320.33 2 1
github.com/pherbke/credential-management/chaincode-go/smart-contract/cuckoofilter.go:320.33,322.3 1 1
github.com/pherbke/credential-management/chaincode-go/smart-contract/cuckoofilter.go:323.2,323.21 1 1
github.com/pherbke/credential-management/chaincode-go/smart-contract/cuckoofilter.go:327.96,329.16 2 1
github.com/pherbke/credential-management/chaincode-go/smart-contract/cuckoofilter.go:329.16,331.3 1 1
github.com/pherbke/credential-management/chaincode-go/smart-contract/cuckoofilter.go:333.2,333.34 1 1
github.com/pherbke/credential-management/chaincode-go/smart-contract/cuckoofilter.go:333.34,335.3 1 0
github.com/pherbke/credential-management/chaincode-go/smart-contract/cuckoofilter.go:337.2,337.39 1 1
github.com/pherbke/credential-management/chaincode-go/smart-contract/cuckoofilter.go:340.108,342.16 2 1
github.com/pherbke/credential-management/chaincode-go/smart-contract/cuckoofilter.go:342.16,344.3 1 1
github.com/pherbke/credential-management/chaincode-go/smart-contract/cuckoofilter.go:345.2,345.33 1 1
github.com/pherbke/credential-management/chaincode-go/smart-contract/cuckoofilter.go:345.33,347.3 1 1
github.com/pherbke/credential-management/chaincode-go/smart-contract/cuckoofilter.go:348.2,348.55 1 1
github.com/pherbke/credential-management/chaincode-go/smart-contract/cuckoofilter.go:348.55,350.3 1 1
github.com/pherbke/credential-management/chaincode-go/smart-contract/cuckoofilter.go:351.2,351.12 1 1
github.com/pherbke/credential-management/chaincode-go/smart-contract/cuckoofilter.go:355.108,357.16 2 1
github.com/pherbke/credential-management/chaincode-go/smart-contract/cuckoofilter.go:357.16,359.3 1 0
github.com/pherbke/credential-management/chaincode-go/smart-contract/cuckoofilter.go:361.2,361.64 1 1
github.com/pherbke/credential-management/chaincode-go/smart-contract/cuckoofilter.go:365.103,367.16 2 1
github.com/pherbke/credential-management/chaincode-go/smart-contract/cuckoofilter.go:367.16,369.3 1 1
github.com/pherbke/credential-management/chaincode-go/smart-contract/cuckoofilter.go:370.2,370.23 1 1
github.com/pherbke/credential-management/chaincode-go/smart-contract/cuckoofilter.go:370.23,372.3 1 0
github.com/pherbke/credential-management/chaincode-go/smart-contract/cuckoofilter.go:374.2,376.16 3 1
github.com/pherbke/credential-management/chaincode-go/smart-contract/cuckoofilter.go:376.16,378.3 1 0
github.com/pherbke/credential-management/chaincode-go/smart-contract/cuckoofilter.go:380.2,380.21 1 1
github.com/pherbke/credential-management/chaincode-go/smart-contract/cuckoofilter.go:384.59,387.25 3 1
github.com/pherbke/credential-management/chaincode-go/smart-contract/cuckoofilter.go:387.25,389.3 1 1
github.com/pherbke/credential-management/chaincode-go/smart-contract/cuckoofilter.go:390.2,394.3 1 1
github.com/pherbke/credential-management/chaincode-go/smart-contract/cuckoofilter.go:398.43,400.45 1 1
github.com/pherbke/credential-management/chaincode-go/smart-contract/cuckoofilter.go:400.45,402.3 1 0
github.com/pherbke/credential-management/chaincode-go/smart-contract/cuckoofilter.go:403.2,404.32 2 1
github.com/pherbke/credential-management/chaincode-go/smart-contract/cuckoofilter.go:404.32,406.3 1 0
github.com/pherbke/credential-management/chaincode-go/smart-contract/cuckoofilter.go:407.2,408.32 2 1
github.com/pherbke/credential-management/chaincode-go/smart-contract/cuckoofilter.go:408.32,410.3 1 0
github.com/pherbke/credential-management/chaincode-go/smart-contract/cuckoofilter.go:411.2,411.65 1 1
github.com/pherbke/credential-management/chaincode-go/smart-contract/cuckoofilter.go:415.43,418.58 3 1
github.com/pherbke/credential-management/chaincode-go/smart-contract/cuckoofilter.go:418.58,421.3 2 1
github.com/pherbke/credential-management/chaincode-go/smart-contract/cuckoofilter.go:422.2,422.14 1 1
github.com/pherbke/credential-management/chaincode-go/smart-contract/cuckoofilter.go:425.26,426.30 1 1
github.com/pherbke/credential-management/chaincode-go/smart-contract/cuckoofilter.go:426.30,428.3 1 1
github.com/pherbke/credential-management/chaincode-go/smart-contract/cuckoofilter.go:429.2,429.13 1 1
github.com/pherbke/credential-management/chaincode-go/smart-contract/cuckoofilter.go:434.59,437.2 2 1
github.com/pherbke/credential-management/chaincode-go/smart-contract/cuckoofilter.go:440.63,444.45 3 1
github.com/pherbke/credential-management/chaincode-go/smart-contract/cuckoofilter.go:444.45,445.12 1 1
github.com/pherbke/credential-management/chaincode-go/smart-contract/cuckoofilter.go:445.12,447.4 1 1
github.com/pherbke/credential-management/chaincode-go/smart-contract/cuckoofilter.go:447.9,450.4 1 0
github.com/pherbke/credential-management/chaincode-go/smart-contract/cuckoofilter.go:453.2,453.11 1 1
github.com/pherbke/credential-management/chaincode-go/smart-contract/cuckoofilter.go:456.59,458.17 2 0
github.com/pherbke/credential-management/chaincode-go/smart-contract/cuckoofilter.go:458.17,460.3 1 0
github.com/pherbke/credential-management/chaincode-go/smart-contract/cuckoofilter.go:461.2,461.11 1 0
github.com/pherbke/credential-management/chaincode-go/smart-contract/cuckoofilter.go:465.101,470.2 3 1
github.com/pherbke/credential-management/chaincode-go/smart-contract/cuckoofilter.go:473.33,483.2 9 1
github.com/pherbke/credential-management/chaincode-go/smart-contract/cuckoofilter.go:486.30,488.23 2 1
github.com/pherbke/credential-management/chaincode-go/smart-contract/cuckoofilter.go:488.23,490.3 1 1
github.com/pherbke/credential-management/chaincode-go/smart-contract/cuckoofilter.go:491.2,491.11 1 1
